2025-07-20 19:02:38 +01:00: Failed to create channel for user 380470543: TypeError: Cannot read properties of undefined (reading 'firstName')
2025-07-20 19:02:38 +01:00:     at createPrivateChannelForUser (/root/gifts-slave/src/bot.ts:307:58)
2025-07-20 19:02:38 +01:00:     at process.processTicksAndRejections (node:internal/process/task_queues:105:5)
2025-07-20 19:02:38 +01:00:     at async <anonymous> (/root/gifts-slave/src/bot.ts:138:24)
2025-07-20 19:02:38 +01:00:     at async execute (/root/gifts-slave/node_modules/telegraf/lib/composer.js:518:17)
2025-07-20 19:02:38 +01:00:     at async /root/gifts-slave/node_modules/telegraf/lib/composer.js:519:21
2025-07-20 19:02:38 +01:00:     at async execute (/root/gifts-slave/node_modules/telegraf/lib/composer.js:518:17)
2025-07-20 19:02:38 +01:00:     at async /root/gifts-slave/node_modules/telegraf/lib/composer.js:519:21
2025-07-20 19:02:38 +01:00:     at async execute (/root/gifts-slave/node_modules/telegraf/lib/composer.js:518:17)
2025-07-20 19:02:38 +01:00:     at async /root/gifts-slave/node_modules/telegraf/lib/composer.js:519:21
2025-07-20 19:02:38 +01:00:     at async execute (/root/gifts-slave/node_modules/telegraf/lib/composer.js:518:17)
2025-07-20 19:04:22 +01:00: Failed to create channel for user 380470543: TypeError: Cannot read properties of undefined (reading 'firstName')
2025-07-20 19:04:22 +01:00:     at createPrivateChannelForUser (/root/gifts-slave/src/bot.ts:307:58)
2025-07-20 19:04:22 +01:00:     at process.processTicksAndRejections (node:internal/process/task_queues:105:5)
2025-07-20 19:04:22 +01:00:     at async <anonymous> (/root/gifts-slave/src/bot.ts:138:24)
2025-07-20 19:04:22 +01:00:     at async execute (/root/gifts-slave/node_modules/telegraf/lib/composer.js:518:17)
2025-07-20 19:04:22 +01:00:     at async /root/gifts-slave/node_modules/telegraf/lib/composer.js:519:21
2025-07-20 19:04:22 +01:00:     at async execute (/root/gifts-slave/node_modules/telegraf/lib/composer.js:518:17)
2025-07-20 19:04:22 +01:00:     at async /root/gifts-slave/node_modules/telegraf/lib/composer.js:519:21
2025-07-20 19:04:22 +01:00:     at async execute (/root/gifts-slave/node_modules/telegraf/lib/composer.js:518:17)
2025-07-20 19:04:22 +01:00:     at async /root/gifts-slave/node_modules/telegraf/lib/composer.js:519:21
2025-07-20 19:04:22 +01:00:     at async execute (/root/gifts-slave/node_modules/telegraf/lib/composer.js:518:17)
2025-07-20 19:04:46 +01:00: Failed to create channel for user 380470543: TypeError: Cannot read properties of undefined (reading 'firstName')
2025-07-20 19:04:46 +01:00:     at createPrivateChannelForUser (/root/gifts-slave/src/bot.ts:307:58)
2025-07-20 19:04:46 +01:00:     at process.processTicksAndRejections (node:internal/process/task_queues:105:5)
2025-07-20 19:04:46 +01:00:     at async <anonymous> (/root/gifts-slave/src/bot.ts:138:24)
2025-07-20 19:04:46 +01:00:     at async execute (/root/gifts-slave/node_modules/telegraf/lib/composer.js:518:17)
2025-07-20 19:04:46 +01:00:     at async /root/gifts-slave/node_modules/telegraf/lib/composer.js:519:21
2025-07-20 19:04:46 +01:00:     at async execute (/root/gifts-slave/node_modules/telegraf/lib/composer.js:518:17)
2025-07-20 19:04:46 +01:00:     at async /root/gifts-slave/node_modules/telegraf/lib/composer.js:519:21
2025-07-20 19:04:46 +01:00:     at async execute (/root/gifts-slave/node_modules/telegraf/lib/composer.js:518:17)
2025-07-20 19:04:46 +01:00:     at async /root/gifts-slave/node_modules/telegraf/lib/composer.js:519:21
2025-07-20 19:04:46 +01:00:     at async execute (/root/gifts-slave/node_modules/telegraf/lib/composer.js:518:17)
2025-07-20 20:30:50 +01:00: Error during check/promotion for user 8163588511: RPCError: 400: USER_ID_INVALID (caused by channels.EditAdmin)
2025-07-20 20:30:50 +01:00:     at RPCMessageToError (/root/gifts-slave/node_modules/telegram-gifts/errors/index.js:28:12)
2025-07-20 20:30:50 +01:00:     at MTProtoSender._handleRPCResult (/root/gifts-slave/node_modules/telegram-gifts/network/MTProtoSender.js:561:58)
2025-07-20 20:30:50 +01:00:     at MTProtoSender._processMessage (/root/gifts-slave/node_modules/telegram-gifts/network/MTProtoSender.js:492:15)
2025-07-20 20:30:50 +01:00:     at process.processTicksAndRejections (node:internal/process/task_queues:105:5)
2025-07-20 20:30:50 +01:00:     at async MTProtoSender._recvLoop (/root/gifts-slave/node_modules/telegram-gifts/network/MTProtoSender.js:439:17) {
2025-07-20 20:30:50 +01:00:   code: 400,
2025-07-20 20:30:50 +01:00:   errorMessage: 'USER_ID_INVALID'
2025-07-20 20:30:50 +01:00: }
2025-07-21 01:11:18 +01:00: Error: Not connected
2025-07-21 01:11:18 +01:00:     at ConnectionTCPFull.recv (/root/gifts-slave/node_modules/telegram-gifts/network/connection/Connection.js:71:15)
2025-07-21 01:11:18 +01:00:     at async MTProtoSender._recvLoop (/root/gifts-slave/node_modules/telegram-gifts/network/MTProtoSender.js:373:24)
2025-07-21 04:38:28 +01:00: Error: TIMEOUT
2025-07-21 04:38:28 +01:00:     at /root/gifts-slave/node_modules/telegram-gifts/client/updates.js:250:85
2025-07-21 04:38:28 +01:00:     at async _updateLoop (/root/gifts-slave/node_modules/telegram-gifts/client/updates.js:191:17)
2025-07-21 04:38:29 +01:00: Error: Not connected
2025-07-21 04:38:29 +01:00:     at ConnectionTCPFull.recv (/root/gifts-slave/node_modules/telegram-gifts/network/connection/Connection.js:71:15)
2025-07-21 04:38:29 +01:00:     at async MTProtoSender._recvLoop (/root/gifts-slave/node_modules/telegram-gifts/network/MTProtoSender.js:373:24)
2025-07-21 04:39:16 +01:00: Error: TIMEOUT
2025-07-21 04:39:16 +01:00:     at /root/gifts-slave/node_modules/telegram-gifts/client/updates.js:250:85
2025-07-21 04:39:16 +01:00:     at async attempts (/root/gifts-slave/node_modules/telegram-gifts/client/updates.js:234:20)
2025-07-21 04:39:16 +01:00:     at async _updateLoop (/root/gifts-slave/node_modules/telegram-gifts/client/updates.js:184:17)
2025-07-21 04:39:17 +01:00: Error: Not connected
2025-07-21 04:39:17 +01:00:     at ConnectionTCPFull.recv (/root/gifts-slave/node_modules/telegram-gifts/network/connection/Connection.js:71:15)
2025-07-21 04:39:17 +01:00:     at async MTProtoSender._recvLoop (/root/gifts-slave/node_modules/telegram-gifts/network/MTProtoSender.js:373:24)
2025-07-21 07:32:38 +01:00: Error: Not connected
2025-07-21 07:32:38 +01:00:     at ConnectionTCPFull.recv (/root/gifts-slave/node_modules/telegram-gifts/network/connection/Connection.js:71:15)
2025-07-21 07:32:38 +01:00:     at async MTProtoSender._recvLoop (/root/gifts-slave/node_modules/telegram-gifts/network/MTProtoSender.js:373:24)
2025-07-22 19:52:29 +01:00: Error: Not connected
2025-07-22 19:52:29 +01:00:     at ConnectionTCPFull.recv (/root/gifts-slave/node_modules/telegram-gifts/network/connection/Connection.js:71:15)
2025-07-22 19:52:29 +01:00:     at async MTProtoSender._recvLoop (/root/gifts-slave/node_modules/telegram-gifts/network/MTProtoSender.js:373:24)
2025-07-22 19:54:01 +01:00: Error: Not connected
2025-07-22 19:54:01 +01:00:     at ConnectionTCPFull.recv (/root/gifts-slave/node_modules/telegram-gifts/network/connection/Connection.js:71:15)
2025-07-22 19:54:01 +01:00:     at async MTProtoSender._recvLoop (/root/gifts-slave/node_modules/telegram-gifts/network/MTProtoSender.js:373:24)
